<?xml version="1.0" encoding="UTF-8"?>
<testsuite name="BankTest" tests="8" skipped="0" failures="0" errors="0" timestamp="2023-10-16T17:48:57" hostname="Bovass-MacBook-Pro-2.local" time="0.017">
  <properties/>
  <testcase name="withdraw_money_twice_with_id()" classname="BankTest" time="0.0"/>
  <testcase name="add_second_account_to_bank()" classname="BankTest" time="0.0"/>
  <testcase name="deposit_money_twice_with_id()" classname="BankTest" time="0.001"/>
  <testcase name="retrieve_account_by_id()" classname="BankTest" time="0.001"/>
  <testcase name="deposit_money_with_id()" classname="BankTest" time="0.002"/>
  <testcase name="withdraw_money_with_id()" classname="BankTest" time="0.001"/>
  <testcase name="bank_has_no_accounts_initially()" classname="BankTest" time="0.001"/>
  <testcase name="add_account_to_bank()" classname="BankTest" time="0.001"/>
  <system-out><![CDATA[]]></system-out>
  <system-err><![CDATA[]]></system-err>
</testsuite>
